<?xml version="1.0" encoding="UTF-8"?>
<coverage generated="1547999957669" clover="3.2.0">
  <project timestamp="1547999957669" name="All files">
    <metrics statements="40" coveredstatements="30" conditionals="29" coveredconditionals="17" methods="9" coveredmethods="8" elements="78" coveredelements="55" complexity="0" loc="40" ncloc="40" packages="3" files="5" classes="5">
      <package name="modulox">
        <metrics statements="2" coveredstatements="2" conditionals="0" coveredconditionals="0" methods="0" coveredmethods="0"/>
        <file name="config.js" path="/Users/martix/www/packs/modulox/config.js">
          <metrics statements="1" coveredstatements="1" conditionals="0" coveredconditionals="0" methods="0" coveredmethods="0"/>
          <line num="9" count="2" type="stmt"/>
        </file>
        <file name="jestsetup.js" path="/Users/martix/www/packs/modulox/jestsetup.js">
          <metrics statements="1" coveredstatements="1" conditionals="0" coveredconditionals="0" methods="0" coveredmethods="0"/>
          <line num="4" count="2" type="stmt"/>
        </file>
      </package>
      <package name="modulox.src">
        <metrics statements="25" coveredstatements="15" conditionals="27" coveredconditionals="15" methods="5" coveredmethods="4"/>
        <file name="utils.js" path="/Users/martix/www/packs/modulox/src/utils.js">
          <metrics statements="25" coveredstatements="15" conditionals="27" coveredconditionals="15" methods="5" coveredmethods="4"/>
          <line num="1" count="2" type="stmt"/>
          <line num="3" count="2" type="stmt"/>
          <line num="5" count="2" type="stmt"/>
          <line num="7" count="20" type="stmt"/>
          <line num="8" count="260" type="stmt"/>
          <line num="19" count="2" type="stmt"/>
          <line num="28" count="260" type="cond" truecount="2" falsecount="0"/>
          <line num="30" count="240" type="cond" truecount="1" falsecount="1"/>
          <line num="31" count="0" type="cond" truecount="0" falsecount="2"/>
          <line num="34" count="240" type="cond" truecount="2" falsecount="0"/>
          <line num="39" count="20" type="cond" truecount="2" falsecount="0"/>
          <line num="40" count="4" type="cond" truecount="1" falsecount="1"/>
          <line num="43" count="16" type="stmt"/>
          <line num="46" count="2" type="stmt"/>
          <line num="47" count="1" type="cond" truecount="3" falsecount="1"/>
          <line num="48" count="0" type="stmt"/>
          <line num="49" count="0" type="cond" truecount="0" falsecount="2"/>
          <line num="50" count="0" type="stmt"/>
          <line num="51" count="0" type="cond" truecount="0" falsecount="2"/>
          <line num="52" count="0" type="cond" truecount="0" falsecount="2"/>
          <line num="53" count="0" type="stmt"/>
          <line num="54" count="0" type="stmt"/>
          <line num="56" count="0" type="stmt"/>
          <line num="58" count="0" type="stmt"/>
          <line num="60" count="1" type="stmt"/>
        </file>
      </package>
      <package name="modulox.src.Box">
        <metrics statements="13" coveredstatements="13" conditionals="2" coveredconditionals="2" methods="4" coveredmethods="4"/>
        <file name="index.jsx" path="/Users/martix/www/packs/modulox/src/Box/index.jsx">
          <metrics statements="6" coveredstatements="6" conditionals="0" coveredconditionals="0" methods="1" coveredmethods="1"/>
          <line num="6" count="1" type="stmt"/>
          <line num="8" count="1" type="stmt"/>
          <line num="9" count="4" type="stmt"/>
          <line num="17" count="4" type="stmt"/>
          <line num="24" count="1" type="stmt"/>
          <line num="47" count="1" type="stmt"/>
        </file>
        <file name="styles.js" path="/Users/martix/www/packs/modulox/src/Box/styles.js">
          <metrics statements="7" coveredstatements="7" conditionals="2" coveredconditionals="2" methods="3" coveredmethods="3"/>
          <line num="3" count="1" type="stmt"/>
          <line num="5" count="1" type="stmt"/>
          <line num="6" count="20" type="stmt"/>
          <line num="24" count="4" type="stmt"/>
          <line num="25" count="20" type="cond" truecount="2" falsecount="0"/>
          <line num="26" count="4" type="stmt"/>
          <line num="28" count="16" type="stmt"/>
        </file>
      </package>
    </metrics>
  </project>
</coverage>
