<?xml version="1.0" encoding="UTF-8"?>
<coverage generated="1548020680827" clover="3.2.0">
  <project timestamp="1548020680827" name="All files">
    <metrics statements="51" coveredstatements="50" conditionals="29" coveredconditionals="27" methods="13" coveredmethods="13" elements="93" coveredelements="90" complexity="0" loc="51" ncloc="51" packages="4" files="7" classes="7">
      <package name="modulox">
        <metrics statements="2" coveredstatements="2" conditionals="0" coveredconditionals="0" methods="0" coveredmethods="0"/>
        <file name="config.js" path="/Users/martix/www/packs/modulox/config.js">
          <metrics statements="1" coveredstatements="1" conditionals="0" coveredconditionals="0" methods="0" coveredmethods="0"/>
          <line num="9" count="3" type="stmt"/>
        </file>
        <file name="jestsetup.js" path="/Users/martix/www/packs/modulox/jestsetup.js">
          <metrics statements="1" coveredstatements="1" conditionals="0" coveredconditionals="0" methods="0" coveredmethods="0"/>
          <line num="4" count="3" type="stmt"/>
        </file>
      </package>
      <package name="modulox.src">
        <metrics statements="23" coveredstatements="22" conditionals="25" coveredconditionals="23" methods="5" coveredmethods="5"/>
        <file name="utils.js" path="/Users/martix/www/packs/modulox/src/utils.js">
          <metrics statements="23" coveredstatements="22" conditionals="25" coveredconditionals="23" methods="5" coveredmethods="5"/>
          <line num="1" count="3" type="stmt"/>
          <line num="3" count="3" type="stmt"/>
          <line num="13" count="3" type="stmt"/>
          <line num="15" count="41" type="stmt"/>
          <line num="16" count="542" type="stmt"/>
          <line num="38" count="3" type="stmt"/>
          <line num="47" count="551" type="cond" truecount="2" falsecount="0"/>
          <line num="50" count="508" type="cond" truecount="4" falsecount="0"/>
          <line num="51" count="5" type="stmt"/>
          <line num="54" count="503" type="cond" truecount="2" falsecount="0"/>
          <line num="59" count="43" type="cond" truecount="4" falsecount="0"/>
          <line num="60" count="11" type="cond" truecount="2" falsecount="0"/>
          <line num="63" count="32" type="stmt"/>
          <line num="76" count="3" type="stmt"/>
          <line num="77" count="5" type="stmt"/>
          <line num="78" count="5" type="cond" truecount="1" falsecount="1"/>
          <line num="79" count="5" type="stmt"/>
          <line num="80" count="10" type="cond" truecount="2" falsecount="0"/>
          <line num="81" count="5" type="cond" truecount="2" falsecount="0"/>
          <line num="82" count="2" type="stmt"/>
          <line num="83" count="2" type="stmt"/>
          <line num="85" count="3" type="stmt"/>
          <line num="87" count="0" type="stmt"/>
        </file>
      </package>
      <package name="modulox.src.Box">
        <metrics statements="13" coveredstatements="13" conditionals="2" coveredconditionals="2" methods="4" coveredmethods="4"/>
        <file name="index.jsx" path="/Users/martix/www/packs/modulox/src/Box/index.jsx">
          <metrics statements="6" coveredstatements="6" conditionals="0" coveredconditionals="0" methods="1" coveredmethods="1"/>
          <line num="6" count="1" type="stmt"/>
          <line num="8" count="1" type="stmt"/>
          <line num="9" count="4" type="stmt"/>
          <line num="17" count="4" type="stmt"/>
          <line num="24" count="1" type="stmt"/>
          <line num="47" count="1" type="stmt"/>
        </file>
        <file name="styles.js" path="/Users/martix/www/packs/modulox/src/Box/styles.js">
          <metrics statements="7" coveredstatements="7" conditionals="2" coveredconditionals="2" methods="3" coveredmethods="3"/>
          <line num="3" count="1" type="stmt"/>
          <line num="5" count="1" type="stmt"/>
          <line num="6" count="20" type="stmt"/>
          <line num="25" count="4" type="stmt"/>
          <line num="26" count="20" type="cond" truecount="2" falsecount="0"/>
          <line num="27" count="4" type="stmt"/>
          <line num="29" count="16" type="stmt"/>
        </file>
      </package>
      <package name="modulox.src.Row">
        <metrics statements="13" coveredstatements="13" conditionals="2" coveredconditionals="2" methods="4" coveredmethods="4"/>
        <file name="index.jsx" path="/Users/martix/www/packs/modulox/src/Row/index.jsx">
          <metrics statements="6" coveredstatements="6" conditionals="0" coveredconditionals="0" methods="1" coveredmethods="1"/>
          <line num="6" count="1" type="stmt"/>
          <line num="8" count="1" type="stmt"/>
          <line num="9" count="4" type="stmt"/>
          <line num="17" count="4" type="stmt"/>
          <line num="24" count="1" type="stmt"/>
          <line num="46" count="1" type="stmt"/>
        </file>
        <file name="styles.js" path="/Users/martix/www/packs/modulox/src/Row/styles.js">
          <metrics statements="7" coveredstatements="7" conditionals="2" coveredconditionals="2" methods="3" coveredmethods="3"/>
          <line num="3" count="1" type="stmt"/>
          <line num="5" count="1" type="stmt"/>
          <line num="6" count="20" type="stmt"/>
          <line num="24" count="4" type="stmt"/>
          <line num="25" count="20" type="cond" truecount="2" falsecount="0"/>
          <line num="26" count="4" type="stmt"/>
          <line num="28" count="16" type="stmt"/>
        </file>
      </package>
    </metrics>
  </project>
</coverage>
