{"/Users/martix/www/packs/modulox/config.js": {"path":"/Users/martix/www/packs/modulox/config.js","statementMap":{"0":{"start":{"line":9,"column":0},"end":{"line":18,"column":1}}},"fnMap":{},"branchMap":{},"s":{"0":1},"f":{},"b":{},"_coverageSchema":"332fd63041d2c1bcb487cc26dd0d5f7d97098a6c","hash":"b5c5fe7668b40922903746c9edcca40d09064c18"}
,"/Users/martix/www/packs/modulox/jestsetup.js": {"path":"/Users/martix/www/packs/modulox/jestsetup.js","statementMap":{"0":{"start":{"line":4,"column":0},"end":{"line":4,"column":45}}},"fnMap":{},"branchMap":{},"s":{"0":1},"f":{},"b":{},"_coverageSchema":"332fd63041d2c1bcb487cc26dd0d5f7d97098a6c","hash":"c78e4cdb813c370a5d569f1518fb758aa3d00ec9"}
,"/Users/martix/www/packs/modulox/src/utils.js": {"path":"/Users/martix/www/packs/modulox/src/utils.js","statementMap":{"0":{"start":{"line":1,"column":15},"end":{"line":1,"column":35}},"1":{"start":{"line":3,"column":34},"end":{"line":3,"column":40}},"2":{"start":{"line":13,"column":34},"end":{"line":25,"column":1}},"3":{"start":{"line":15,"column":1},"end":{"line":24,"column":11}},"4":{"start":{"line":16,"column":2},"end":{"line":23,"column":3}},"5":{"start":{"line":38,"column":33},"end":{"line":64,"column":1}},"6":{"start":{"line":47,"column":1},"end":{"line":57,"column":2}},"7":{"start":{"line":50,"column":2},"end":{"line":52,"column":3}},"8":{"start":{"line":51,"column":3},"end":{"line":51,"column":55}},"9":{"start":{"line":54,"column":2},"end":{"line":56,"column":7}},"10":{"start":{"line":59,"column":1},"end":{"line":61,"column":2}},"11":{"start":{"line":60,"column":2},"end":{"line":60,"column":53}},"12":{"start":{"line":63,"column":1},"end":{"line":63,"column":10}},"13":{"start":{"line":76,"column":31},"end":{"line":88,"column":1}},"14":{"start":{"line":77,"column":20},"end":{"line":77,"column":50}},"15":{"start":{"line":78,"column":1},"end":{"line":86,"column":2}},"16":{"start":{"line":79,"column":21},"end":{"line":79,"column":31}},"17":{"start":{"line":80,"column":16},"end":{"line":80,"column":77}},"18":{"start":{"line":80,"column":43},"end":{"line":80,"column":65}},"19":{"start":{"line":81,"column":2},"end":{"line":84,"column":3}},"20":{"start":{"line":82,"column":27},"end":{"line":82,"column":77}},"21":{"start":{"line":83,"column":3},"end":{"line":83,"column":60}},"22":{"start":{"line":85,"column":2},"end":{"line":85,"column":11}},"23":{"start":{"line":87,"column":1},"end":{"line":87,"column":10}}},"fnMap":{"0":{"name":"(anonymous_0)","decl":{"start":{"line":13,"column":34},"end":{"line":13,"column":35}},"loc":{"start":{"line":13,"column":62},"end":{"line":25,"column":1}},"line":13},"1":{"name":"(anonymous_1)","decl":{"start":{"line":15,"column":23},"end":{"line":15,"column":24}},"loc":{"start":{"line":16,"column":2},"end":{"line":23,"column":3}},"line":16},"2":{"name":"(anonymous_2)","decl":{"start":{"line":38,"column":33},"end":{"line":38,"column":34}},"loc":{"start":{"line":45,"column":5},"end":{"line":64,"column":1}},"line":45},"3":{"name":"(anonymous_3)","decl":{"start":{"line":76,"column":31},"end":{"line":76,"column":32}},"loc":{"start":{"line":76,"column":74},"end":{"line":88,"column":1}},"line":76},"4":{"name":"(anonymous_4)","decl":{"start":{"line":80,"column":34},"end":{"line":80,"column":35}},"loc":{"start":{"line":80,"column":43},"end":{"line":80,"column":65}},"line":80}},"branchMap":{"0":{"loc":{"start":{"line":41,"column":1},"end":{"line":41,"column":13}},"type":"default-arg","locations":[{"start":{"line":41,"column":9},"end":{"line":41,"column":13}}],"line":41},"1":{"loc":{"start":{"line":42,"column":1},"end":{"line":42,"column":10}},"type":"default-arg","locations":[{"start":{"line":42,"column":8},"end":{"line":42,"column":10}}],"line":42},"2":{"loc":{"start":{"line":43,"column":1},"end":{"line":43,"column":18}},"type":"default-arg","locations":[{"start":{"line":43,"column":16},"end":{"line":43,"column":18}}],"line":43},"3":{"loc":{"start":{"line":47,"column":1},"end":{"line":57,"column":2}},"type":"if","locations":[{"start":{"line":47,"column":1},"end":{"line":57,"column":2}},{"start":{"line":47,"column":1},"end":{"line":57,"column":2}}],"line":47},"4":{"loc":{"start":{"line":50,"column":2},"end":{"line":52,"column":3}},"type":"if","locations":[{"start":{"line":50,"column":2},"end":{"line":52,"column":3}},{"start":{"line":50,"column":2},"end":{"line":52,"column":3}}],"line":50},"5":{"loc":{"start":{"line":50,"column":6},"end":{"line":50,"column":59}},"type":"binary-expr","locations":[{"start":{"line":50,"column":6},"end":{"line":50,"column":31}},{"start":{"line":50,"column":35},"end":{"line":50,"column":59}}],"line":50},"6":{"loc":{"start":{"line":54,"column":9},"end":{"line":56,"column":7}},"type":"cond-expr","locations":[{"start":{"line":55,"column":5},"end":{"line":55,"column":49}},{"start":{"line":56,"column":5},"end":{"line":56,"column":7}}],"line":54},"7":{"loc":{"start":{"line":55,"column":17},"end":{"line":55,"column":38}},"type":"binary-expr","locations":[{"start":{"line":55,"column":17},"end":{"line":55,"column":22}},{"start":{"line":55,"column":26},"end":{"line":55,"column":38}}],"line":55},"8":{"loc":{"start":{"line":59,"column":1},"end":{"line":61,"column":2}},"type":"if","locations":[{"start":{"line":59,"column":1},"end":{"line":61,"column":2}},{"start":{"line":59,"column":1},"end":{"line":61,"column":2}}],"line":59},"9":{"loc":{"start":{"line":59,"column":5},"end":{"line":59,"column":26}},"type":"binary-expr","locations":[{"start":{"line":59,"column":5},"end":{"line":59,"column":10}},{"start":{"line":59,"column":14},"end":{"line":59,"column":26}}],"line":59},"10":{"loc":{"start":{"line":60,"column":21},"end":{"line":60,"column":42}},"type":"binary-expr","locations":[{"start":{"line":60,"column":21},"end":{"line":60,"column":26}},{"start":{"line":60,"column":30},"end":{"line":60,"column":42}}],"line":60},"11":{"loc":{"start":{"line":78,"column":1},"end":{"line":86,"column":2}},"type":"if","locations":[{"start":{"line":78,"column":1},"end":{"line":86,"column":2}},{"start":{"line":78,"column":1},"end":{"line":86,"column":2}}],"line":78},"12":{"loc":{"start":{"line":80,"column":16},"end":{"line":80,"column":77}},"type":"binary-expr","locations":[{"start":{"line":80,"column":16},"end":{"line":80,"column":69}},{"start":{"line":80,"column":73},"end":{"line":80,"column":77}}],"line":80},"13":{"loc":{"start":{"line":81,"column":2},"end":{"line":84,"column":3}},"type":"if","locations":[{"start":{"line":81,"column":2},"end":{"line":84,"column":3}},{"start":{"line":81,"column":2},"end":{"line":84,"column":3}}],"line":81}},"s":{"0":1,"1":1,"2":1,"3":30,"4":420,"5":1,"6":420,"7":390,"8":0,"9":390,"10":30,"11":6,"12":24,"13":1,"14":0,"15":0,"16":0,"17":0,"18":0,"19":0,"20":0,"21":0,"22":0,"23":0},"f":{"0":30,"1":420,"2":420,"3":0,"4":0},"b":{"0":[330],"1":[330],"2":[420],"3":[390,30],"4":[0,390],"5":[390,390],"6":[78,312],"7":[78,0],"8":[6,24],"9":[30,24],"10":[6,0],"11":[0,0],"12":[0,0],"13":[0,0]},"_coverageSchema":"332fd63041d2c1bcb487cc26dd0d5f7d97098a6c","hash":"616f208c7c79f36be5c4355964c4248e6f764999"}
,"/Users/martix/www/packs/modulox/src/List/index.jsx": {"path":"/Users/martix/www/packs/modulox/src/List/index.jsx","statementMap":{"0":{"start":{"line":6,"column":15},"end":{"line":6,"column":38}},"1":{"start":{"line":8,"column":13},"end":{"line":40,"column":1}},"2":{"start":{"line":9,"column":17},"end":{"line":16,"column":2}},"3":{"start":{"line":17,"column":24},"end":{"line":31,"column":8}},"4":{"start":{"line":17,"column":41},"end":{"line":31,"column":8}},"5":{"start":{"line":19,"column":23},"end":{"line":19,"column":35}},"6":{"start":{"line":20,"column":23},"end":{"line":20,"column":47}},"7":{"start":{"line":21,"column":37},"end":{"line":23,"column":15}},"8":{"start":{"line":24,"column":4},"end":{"line":29,"column":6}},"9":{"start":{"line":33,"column":2},"end":{"line":39,"column":3}},"10":{"start":{"line":36,"column":25},"end":{"line":36,"column":52}},"11":{"start":{"line":42,"column":0},"end":{"line":64,"column":1}},"12":{"start":{"line":66,"column":0},"end":{"line":90,"column":1}}},"fnMap":{"0":{"name":"(anonymous_0)","decl":{"start":{"line":8,"column":13},"end":{"line":8,"column":14}},"loc":{"start":{"line":8,"column":65},"end":{"line":40,"column":1}},"line":8},"1":{"name":"(anonymous_1)","decl":{"start":{"line":17,"column":24},"end":{"line":17,"column":25}},"loc":{"start":{"line":17,"column":41},"end":{"line":31,"column":8}},"line":17},"2":{"name":"(anonymous_2)","decl":{"start":{"line":18,"column":33},"end":{"line":18,"column":34}},"loc":{"start":{"line":18,"column":49},"end":{"line":30,"column":4}},"line":18},"3":{"name":"(anonymous_3)","decl":{"start":{"line":36,"column":8},"end":{"line":36,"column":9}},"loc":{"start":{"line":36,"column":25},"end":{"line":36,"column":52}},"line":36}},"branchMap":{"0":{"loc":{"start":{"line":17,"column":41},"end":{"line":31,"column":8}},"type":"cond-expr","locations":[{"start":{"line":18,"column":4},"end":{"line":30,"column":5}},{"start":{"line":31,"column":4},"end":{"line":31,"column":8}}],"line":17},"1":{"loc":{"start":{"line":21,"column":37},"end":{"line":23,"column":15}},"type":"cond-expr","locations":[{"start":{"line":22,"column":7},"end":{"line":22,"column":18}},{"start":{"line":23,"column":7},"end":{"line":23,"column":15}}],"line":21},"2":{"loc":{"start":{"line":35,"column":4},"end":{"line":37,"column":7}},"type":"binary-expr","locations":[{"start":{"line":35,"column":4},"end":{"line":35,"column":20}},{"start":{"line":35,"column":24},"end":{"line":37,"column":7}}],"line":35}},"s":{"0":1,"1":1,"2":6,"3":6,"4":12,"5":3,"6":3,"7":3,"8":3,"9":6,"10":12,"11":1,"12":1},"f":{"0":6,"1":12,"2":3,"3":12},"b":{"0":[3,9],"1":[0,3],"2":[6,4]},"_coverageSchema":"332fd63041d2c1bcb487cc26dd0d5f7d97098a6c","hash":"ccad9b3b6538cd60832ced4a72b27f2af18e2daa"}
,"/Users/martix/www/packs/modulox/src/List/styles.js": {"path":"/Users/martix/www/packs/modulox/src/List/styles.js","statementMap":{"0":{"start":{"line":3,"column":24},"end":{"line":3,"column":47}},"1":{"start":{"line":5,"column":28},"end":{"line":35,"column":1}},"2":{"start":{"line":6,"column":16},"end":{"line":23,"column":2}},"3":{"start":{"line":6,"column":30},"end":{"line":23,"column":2}},"4":{"start":{"line":25,"column":1},"end":{"line":34,"column":12}},"5":{"start":{"line":26,"column":2},"end":{"line":28,"column":3}},"6":{"start":{"line":27,"column":3},"end":{"line":27,"column":34}},"7":{"start":{"line":29,"column":2},"end":{"line":33,"column":4}}},"fnMap":{"0":{"name":"(anonymous_0)","decl":{"start":{"line":5,"column":28},"end":{"line":5,"column":29}},"loc":{"start":{"line":5,"column":37},"end":{"line":35,"column":1}},"line":5},"1":{"name":"(anonymous_1)","decl":{"start":{"line":6,"column":16},"end":{"line":6,"column":17}},"loc":{"start":{"line":6,"column":30},"end":{"line":23,"column":2}},"line":6},"2":{"name":"(anonymous_2)","decl":{"start":{"line":25,"column":24},"end":{"line":25,"column":25}},"loc":{"start":{"line":25,"column":47},"end":{"line":34,"column":2}},"line":25}},"branchMap":{"0":{"loc":{"start":{"line":26,"column":2},"end":{"line":28,"column":3}},"type":"if","locations":[{"start":{"line":26,"column":2},"end":{"line":28,"column":3}},{"start":{"line":26,"column":2},"end":{"line":28,"column":3}}],"line":26}},"s":{"0":1,"1":1,"2":6,"3":30,"4":6,"5":30,"6":6,"7":24},"f":{"0":6,"1":30,"2":30},"b":{"0":[6,24]},"_coverageSchema":"332fd63041d2c1bcb487cc26dd0d5f7d97098a6c","hash":"e8c05c74b82c38fa68caf6fd75af96b78dfa4ace"}
}
