TN:
SF:/Users/martix/www/packs/modulox/config.js
FNF:0
FNH:0
DA:9,1
LF:1
LH:1
BRF:0
BRH:0
end_of_record
TN:
SF:/Users/martix/www/packs/modulox/jestsetup.js
FNF:0
FNH:0
DA:4,1
LF:1
LH:1
BRF:0
BRH:0
end_of_record
TN:
SF:/Users/martix/www/packs/modulox/src/utils.js
FN:13,(anonymous_0)
FN:15,(anonymous_1)
FN:38,(anonymous_2)
FN:76,(anonymous_3)
FN:80,(anonymous_4)
FNF:5
FNH:3
FNDA:30,(anonymous_0)
FNDA:420,(anonymous_1)
FNDA:420,(anonymous_2)
FNDA:0,(anonymous_3)
FNDA:0,(anonymous_4)
DA:1,1
DA:3,1
DA:13,1
DA:15,30
DA:16,420
DA:38,1
DA:47,420
DA:50,390
DA:51,0
DA:54,390
DA:59,30
DA:60,6
DA:63,24
DA:76,1
DA:77,0
DA:78,0
DA:79,0
DA:80,0
DA:81,0
DA:82,0
DA:83,0
DA:85,0
DA:87,0
LF:23
LH:13
BRDA:41,0,0,330
BRDA:42,1,0,330
BRDA:43,2,0,420
BRDA:47,3,0,390
BRDA:47,3,1,30
BRDA:50,4,0,0
BRDA:50,4,1,390
BRDA:50,5,0,390
BRDA:50,5,1,390
BRDA:54,6,0,78
BRDA:54,6,1,312
BRDA:55,7,0,78
BRDA:55,7,1,0
BRDA:59,8,0,6
BRDA:59,8,1,24
BRDA:59,9,0,30
BRDA:59,9,1,24
BRDA:60,10,0,6
BRDA:60,10,1,0
BRDA:78,11,0,0
BRDA:78,11,1,0
BRDA:80,12,0,0
BRDA:80,12,1,0
BRDA:81,13,0,0
BRDA:81,13,1,0
BRF:25
BRH:16
end_of_record
TN:
SF:/Users/martix/www/packs/modulox/src/List/index.jsx
FN:8,(anonymous_0)
FN:17,(anonymous_1)
FN:18,(anonymous_2)
FN:36,(anonymous_3)
FNF:4
FNH:4
FNDA:6,(anonymous_0)
FNDA:12,(anonymous_1)
FNDA:3,(anonymous_2)
FNDA:12,(anonymous_3)
DA:6,1
DA:8,1
DA:9,6
DA:17,12
DA:19,3
DA:20,3
DA:21,3
DA:24,3
DA:33,6
DA:36,12
DA:42,1
DA:66,1
LF:12
LH:12
BRDA:17,0,0,3
BRDA:17,0,1,9
BRDA:21,1,0,0
BRDA:21,1,1,3
BRDA:35,2,0,6
BRDA:35,2,1,4
BRF:6
BRH:5
end_of_record
TN:
SF:/Users/martix/www/packs/modulox/src/List/styles.js
FN:5,(anonymous_0)
FN:6,(anonymous_1)
FN:25,(anonymous_2)
FNF:3
FNH:3
FNDA:6,(anonymous_0)
FNDA:30,(anonymous_1)
FNDA:30,(anonymous_2)
DA:3,1
DA:5,1
DA:6,30
DA:25,6
DA:26,30
DA:27,6
DA:29,24
LF:7
LH:7
BRDA:26,0,0,6
BRDA:26,0,1,24
BRF:2
BRH:2
end_of_record
