TN:
SF:/Users/martix/www/packs/modulox/config.js
FNF:0
FNH:0
DA:9,2
LF:1
LH:1
BRF:0
BRH:0
end_of_record
TN:
SF:/Users/martix/www/packs/modulox/jestsetup.js
FNF:0
FNH:0
DA:4,2
LF:1
LH:1
BRF:0
BRH:0
end_of_record
TN:
SF:/Users/martix/www/packs/modulox/src/utils.js
FN:5,(anonymous_0)
FN:7,(anonymous_1)
FN:19,(anonymous_2)
FN:46,(anonymous_3)
FN:51,(anonymous_4)
FNF:5
FNH:4
FNDA:20,(anonymous_0)
FNDA:260,(anonymous_1)
FNDA:260,(anonymous_2)
FNDA:1,(anonymous_3)
FNDA:0,(anonymous_4)
DA:1,2
DA:3,2
DA:5,2
DA:7,20
DA:8,260
DA:19,2
DA:28,260
DA:30,240
DA:31,0
DA:34,240
DA:39,20
DA:40,4
DA:43,16
DA:46,2
DA:47,1
DA:48,0
DA:49,0
DA:50,0
DA:51,0
DA:52,0
DA:53,0
DA:54,0
DA:56,0
DA:58,0
DA:60,1
LF:25
LH:15
BRDA:23,0,0,200
BRDA:24,1,0,200
BRDA:25,2,0,260
BRDA:28,3,0,240
BRDA:28,3,1,20
BRDA:30,4,0,0
BRDA:30,4,1,240
BRDA:31,5,0,0
BRDA:31,5,1,0
BRDA:34,6,0,48
BRDA:34,6,1,192
BRDA:35,7,0,48
BRDA:35,7,1,0
BRDA:39,8,0,4
BRDA:39,8,1,16
BRDA:40,9,0,4
BRDA:40,9,1,0
BRDA:47,10,0,0
BRDA:47,10,1,1
BRDA:47,11,0,1
BRDA:47,11,1,1
BRDA:49,12,0,0
BRDA:49,12,1,0
BRDA:51,13,0,0
BRDA:51,13,1,0
BRDA:52,14,0,0
BRDA:52,14,1,0
BRF:27
BRH:15
end_of_record
TN:
SF:/Users/martix/www/packs/modulox/src/Box/index.jsx
FN:8,(anonymous_0)
FNF:1
FNH:1
FNDA:4,(anonymous_0)
DA:6,1
DA:8,1
DA:9,4
DA:17,4
DA:24,1
DA:47,1
LF:6
LH:6
BRF:0
BRH:0
end_of_record
TN:
SF:/Users/martix/www/packs/modulox/src/Box/styles.js
FN:5,(anonymous_0)
FN:6,(anonymous_1)
FN:24,(anonymous_2)
FNF:3
FNH:3
FNDA:4,(anonymous_0)
FNDA:20,(anonymous_1)
FNDA:20,(anonymous_2)
DA:3,1
DA:5,1
DA:6,20
DA:24,4
DA:25,20
DA:26,4
DA:28,16
LF:7
LH:7
BRDA:25,0,0,4
BRDA:25,0,1,16
BRF:2
BRH:2
end_of_record
